<?xml version="1.0" encoding="UTF-8"?>
<!-- Generated by org.testng.reporters.JUnitReportReporter -->
<testsuite skipped="0" hostname="PC058" name="test.LoginTest" tests="1" failures="0" timestamp="15 mar 2021 17:49:40 GMT" time="11.856" errors="0">
  <testcase name="signIn" time="11.856" classname="test.LoginTest"/>
</testsuite> <!-- test.LoginTest -->
